Using pre-set license
Built from '2022.3/staging' branch; Version is '2022.3.8f1 (b5eafc012955) revision 11922172'; Using compiler version '192829333'; Build Type 'Release'
OS: 'Windows 10  (10.0.19045) 64bit Professional' Language: 'ru' Physical Memory: 16183 MB
BatchMode: 1, IsHumanControllingUs: 0, StartBugReporterOnCrash: 0, Is64bit: 1, IsPro: 1

COMMAND LINE ARGUMENTS:
C:\Program Files\Unity\Hub\Editor\2022.3.8f1\Editor\Unity.exe
-adb2
-batchMode
-noUpm
-name
AssetImportWorker0
-projectPath
C:/Users/hordi/2D
-logFile
Logs/AssetImportWorker0.log
-srvPort
50605
Successfully changed project path to: C:/Users/hordi/2D
C:/Users/hordi/2D
[UnityMemory] Configuration Parameters - Can be set up in boot.config
    "memorysetup-bucket-allocator-granularity=16"
    "memorysetup-bucket-allocator-bucket-count=8"
    "memorysetup-bucket-allocator-block-size=33554432"
    "memorysetup-bucket-allocator-block-count=8"
    "memorysetup-main-allocator-block-size=16777216"
    "memorysetup-thread-allocator-block-size=16777216"
    "memorysetup-gfx-main-allocator-block-size=16777216"
    "memorysetup-gfx-thread-allocator-block-size=16777216"
    "memorysetup-cache-allocator-block-size=4194304"
    "memorysetup-typetree-allocator-block-size=2097152"
    "memorysetup-profiler-bucket-allocator-granularity=16"
    "memorysetup-profiler-bucket-allocator-bucket-count=8"
    "memorysetup-profiler-bucket-allocator-block-size=33554432"
    "memorysetup-profiler-bucket-allocator-block-count=8"
    "memorysetup-profiler-allocator-block-size=16777216"
    "memorysetup-profiler-editor-allocator-block-size=1048576"
    "memorysetup-temp-allocator-size-main=16777216"
    "memorysetup-job-temp-allocator-block-size=2097152"
    "memorysetup-job-temp-allocator-block-size-background=1048576"
    "memorysetup-job-temp-allocator-reduction-small-platforms=262144"
    "memorysetup-allocator-temp-initial-block-size-main=262144"
    "memorysetup-allocator-temp-initial-block-size-worker=262144"
    "memorysetup-temp-allocator-size-background-worker=32768"
    "memorysetup-temp-allocator-size-job-worker=262144"
    "memorysetup-temp-allocator-size-preload-manager=33554432"
    "memorysetup-temp-allocator-size-nav-mesh-worker=65536"
    "memorysetup-temp-allocator-size-audio-worker=65536"
    "memorysetup-temp-allocator-size-cloud-worker=32768"
    "memorysetup-temp-allocator-size-gi-baking-worker=262144"
    "memorysetup-temp-allocator-size-gfx=262144"
Player connection [1784] Host "[IP] 26.200.117.166 [Port] 0 [Flags] 2 [Guid] 1637714025 [EditorId] 1637714025 [Version] 1048832 [Id] WindowsEditor(7,DESKTOP-0L8UROM) [Debug] 1 [PackageName] WindowsEditor [ProjectName] Editor" joined multi-casting on [225.0.0.222:54997]...

Player connection [1784] Host "[IP] 26.200.117.166 [Port] 0 [Flags] 2 [Guid] 1637714025 [EditorId] 1637714025 [Version] 1048832 [Id] WindowsEditor(7,DESKTOP-0L8UROM) [Debug] 1 [PackageName] WindowsEditor [ProjectName] Editor" joined alternative multi-casting on [225.0.0.222:34997]...

[Physics::Module] Initialized MultithreadedJobDispatcher with 7 workers.
Refreshing native plugins compatible for Editor in 18.18 ms, found 4 plugins.
Preloading 0 native plugins for Editor in 0.00 ms.
Initialize engine version: 2022.3.8f1 (b5eafc012955)
[Subsystems] Discovering subsystems at path C:/Program Files/Unity/Hub/Editor/2022.3.8f1/Editor/Data/Resources/UnitySubsystems
[Subsystems] Discovering subsystems at path C:/Users/hordi/2D/Assets
GfxDevice: creating device client; threaded=0; jobified=0
Direct3D:
    Version:  Direct3D 11.0 [level 11.1]
    Renderer: Intel(R) Iris(R) Xe Graphics (ID=0x9a49)
    Vendor:   Intel
    VRAM:     8091 MB
    Driver:   30.0.101.1692
Initialize mono
Mono path[0] = 'C:/Program Files/Unity/Hub/Editor/2022.3.8f1/Editor/Data/Managed'
Mono path[1] = 'C:/Program Files/Unity/Hub/Editor/2022.3.8f1/Editor/Data/MonoBleedingEdge/lib/mono/unityjit-win32'
Mono config path = 'C:/Program Files/Unity/Hub/Editor/2022.3.8f1/Editor/Data/MonoBleedingEdge/etc'
Using monoOptions --debugger-agent=transport=dt_socket,embedding=1,server=y,suspend=n,address=127.0.0.1:56852
Begin MonoManager ReloadAssembly
Registering precompiled unity dll's ...
Register platform support module: C:/Program Files/Unity/Hub/Editor/2022.3.8f1/Editor/Data/PlaybackEngines/WebGLSupport/UnityEditor.WebGL.Extensions.dll
Register platform support module: C:/Program Files/Unity/Hub/Editor/2022.3.8f1/Editor/Data/PlaybackEngines/WindowsStandaloneSupport/UnityEditor.WindowsStandalone.Extensions.dll
Registered in 0.015283 seconds.
- Loaded All Assemblies, in  0.728 seconds
Native extension for WindowsStandalone target not found
Native extension for WebGL target not found
Mono: successfully reloaded assembly
- Finished resetting the current domain, in  0.409 seconds
Domain Reload Profiling: 1130ms
	BeginReloadAssembly (220ms)
		ExecutionOrderSort (0ms)
		DisableScriptedObjects (0ms)
		BackupInstance (0ms)
		ReleaseScriptingObjects (0ms)
		CreateAndSetChildDomain (1ms)
	RebuildCommonClasses (106ms)
	RebuildNativeTypeToScriptingClass (20ms)
	initialDomainReloadingComplete (94ms)
	LoadAllAssembliesAndSetupDomain (280ms)
		LoadAssemblies (221ms)
		RebuildTransferFunctionScriptingTraits (0ms)
		AnalyzeDomain (263ms)
			TypeCache.Refresh (261ms)
				TypeCache.ScanAssembly (230ms)
			ScanForSourceGeneratedMonoScriptInfo (1ms)
			ResolveRequiredComponents (1ms)
	FinalizeReload (409ms)
		ReleaseScriptCaches (0ms)
		RebuildScriptCaches (0ms)
		SetupLoadedEditorAssemblies (312ms)
			LogAssemblyErrors (0ms)
			InitializePlatformSupportModulesInManaged (14ms)
			SetLoadedEditorAssemblies (10ms)
			RefreshPlugins (0ms)
			BeforeProcessingInitializeOnLoad (4ms)
			ProcessInitializeOnLoadAttributes (199ms)
			ProcessInitializeOnLoadMethodAttributes (85ms)
			AfterProcessingInitializeOnLoad (0ms)
			EditorAssembliesLoaded (0ms)
		ExecutionOrderSort2 (0ms)
		AwakeInstancesAfterBackupRestoration (0ms)
========================================================================
Worker process is ready to serve import requests
Begin MonoManager ReloadAssembly
- Loaded All Assemblies, in  1.145 seconds
Refreshing native plugins compatible for Editor in 10.43 ms, found 4 plugins.
Native extension for WindowsStandalone target not found
Native extension for WebGL target not found
Package Manager log level set to [2]
[Package Manager] Server::EnsureServerProcessIsRunning -- launch failed, reason: Unity was launched with the -noUpm command-line argument
[Package Manager] UpmClient::Send -- Unable to send message (not connected to UPM process).
[Package Manager] Cannot connect to Unity Package Manager local server
Mono: successfully reloaded assembly
- Finished resetting the current domain, in  1.037 seconds
Domain Reload Profiling: 2178ms
	BeginReloadAssembly (313ms)
		ExecutionOrderSort (0ms)
		DisableScriptedObjects (9ms)
		BackupInstance (0ms)
		ReleaseScriptingObjects (0ms)
		CreateAndSetChildDomain (76ms)
	RebuildCommonClasses (60ms)
	RebuildNativeTypeToScriptingClass (20ms)
	initialDomainReloadingComplete (70ms)
	LoadAllAssembliesAndSetupDomain (677ms)
		LoadAssemblies (552ms)
		RebuildTransferFunctionScriptingTraits (0ms)
		AnalyzeDomain (289ms)
			TypeCache.Refresh (243ms)
				TypeCache.ScanAssembly (219ms)
			ScanForSourceGeneratedMonoScriptInfo (34ms)
			ResolveRequiredComponents (12ms)
	FinalizeReload (1038ms)
		ReleaseScriptCaches (0ms)
		RebuildScriptCaches (0ms)
		SetupLoadedEditorAssemblies (765ms)
			LogAssemblyErrors (0ms)
			InitializePlatformSupportModulesInManaged (12ms)
			SetLoadedEditorAssemblies (7ms)
			RefreshPlugins (0ms)
			BeforeProcessingInitializeOnLoad (136ms)
			ProcessInitializeOnLoadAttributes (535ms)
			ProcessInitializeOnLoadMethodAttributes (65ms)
			AfterProcessingInitializeOnLoad (10ms)
			EditorAssembliesLoaded (0ms)
		ExecutionOrderSort2 (0ms)
		AwakeInstancesAfterBackupRestoration (9ms)
Launched and connected shader compiler UnityShaderCompiler.exe after 0.06 seconds
Refreshing native plugins compatible for Editor in 5.72 ms, found 4 plugins.
Preloading 0 native plugins for Editor in 0.00 ms.
Unloading 4006 Unused Serialized files (Serialized files now loaded: 0)
Unloading 69 unused Assets / (244.6 KB). Loaded Objects now: 4464.
Memory consumption went from 136.5 MB to 136.2 MB.
Total: 5.392800 ms (FindLiveObjects: 0.552700 ms CreateObjectMapping: 0.504500 ms MarkObjects: 4.027600 ms  DeleteObjects: 0.305900 ms)

AssetImportParameters requested are different than current active one (requested -> active):
  custom:container-demuxer-ogg: 62fdf1f143b41e24485cea50d1cbac27 -> 
  custom:video-decoder-ogg-theora: a1e56fd34408186e4bbccfd4996cb3dc -> 
  custom:framework-win-MediaFoundation: 216162199b28c13a410421893ffa2e32 -> 
  custom:CustomObjectIndexerAttribute: 756ad292c208cfabdd7b50bc23989ffe -> 
  custom:container-demuxer-webm: 4f35f7cbe854078d1ac9338744f61a02 -> 
  custom:container-muxer-webm: aa71ff27fc2769a1b78a27578f13a17b -> 
  custom:video-decoder-webm-vp8: 9c59270c3fd7afecdb556c50c9e8de78 -> 
  custom:SearchIndexIgnoredProperties: e643bd26f0fe6173181afceb89e7c659 -> 
  custom:AudioImporter_EditorPlatform: d09bf68614088b80899f8185d706f6e7 -> 
  custom:video-encoder-webm-vp8: eb34c28f22e8b96e1ab97ce403110664 -> 
  custom:audio-decoder-ogg-vorbis: bf7c407c2cedff20999df2af8eb42d56 -> 
  custom:audio-encoder-webm-vorbis: bf7c407c2cedff20999df2af8eb42d56 -> 
========================================================================
Received Import Request.
  Time since last request: 71029.229246 seconds.
  path: Assets/Scripts/SnakeController.cs
  artifactKey: Guid(cbde5254bfeb88d44beff8fe4a2cf525) Importer(815301076,1909f56bfc062723c751e8b465ee728b)
Start importing Assets/Scripts/SnakeController.cs using Guid(cbde5254bfeb88d44beff8fe4a2cf525) Importer(815301076,1909f56bfc062723c751e8b465ee728b)  -> (artifact id: 'daa50abda34671df8ef59b68ad21a088') in 0.002650 seconds
Number of updated asset objects reloaded before import = 0
Number of asset objects unloaded after import = 0
========================================================================
Received Import Request.
  Time since last request: 108.526934 seconds.
  path: Assets/Scripts/SnakeController.cs
  artifactKey: Guid(cbde5254bfeb88d44beff8fe4a2cf525) Importer(815301076,1909f56bfc062723c751e8b465ee728b)
Start importing Assets/Scripts/SnakeController.cs using Guid(cbde5254bfeb88d44beff8fe4a2cf525) Importer(815301076,1909f56bfc062723c751e8b465ee728b)  -> (artifact id: '8f93c12162f81828d33fa8b0ec529f35') in 0.016790 seconds
Number of updated asset objects reloaded before import = 0
Number of asset objects unloaded after import = 0
========================================================================
Received Import Request.
  Time since last request: 11.342537 seconds.
  path: Assets/Scripts/SnakeController.cs
  artifactKey: Guid(cbde5254bfeb88d44beff8fe4a2cf525) Importer(815301076,1909f56bfc062723c751e8b465ee728b)
Start importing Assets/Scripts/SnakeController.cs using Guid(cbde5254bfeb88d44beff8fe4a2cf525) Importer(815301076,1909f56bfc062723c751e8b465ee728b)  -> (artifact id: '34f539b2e25eb03721d54023f9bf44ba') in 0.002451 seconds
Number of updated asset objects reloaded before import = 0
Number of asset objects unloaded after import = 0
========================================================================
Received Import Request.
  Time since last request: 161.693373 seconds.
  path: Assets/Scripts/SnakeController.cs
  artifactKey: Guid(cbde5254bfeb88d44beff8fe4a2cf525) Importer(815301076,1909f56bfc062723c751e8b465ee728b)
Start importing Assets/Scripts/SnakeController.cs using Guid(cbde5254bfeb88d44beff8fe4a2cf525) Importer(815301076,1909f56bfc062723c751e8b465ee728b)  -> (artifact id: '0515bc36dd09fa1c22a87e23494df6b7') in 0.003414 seconds
Number of updated asset objects reloaded before import = 0
Number of asset objects unloaded after import = 0
========================================================================
Received Import Request.
  Time since last request: 469.918548 seconds.
  path: Assets/Scripts/SnakeController.cs
  artifactKey: Guid(cbde5254bfeb88d44beff8fe4a2cf525) Importer(815301076,1909f56bfc062723c751e8b465ee728b)
Start importing Assets/Scripts/SnakeController.cs using Guid(cbde5254bfeb88d44beff8fe4a2cf525) Importer(815301076,1909f56bfc062723c751e8b465ee728b)  -> (artifact id: 'bfb7138a6f684e0aedc49760c22c522c') in 0.002226 seconds
Number of updated asset objects reloaded before import = 0
Number of asset objects unloaded after import = 0
========================================================================
Received Import Request.
  Time since last request: 119.547670 seconds.
  path: Assets/Scripts/SnakeController.cs
  artifactKey: Guid(cbde5254bfeb88d44beff8fe4a2cf525) Importer(815301076,1909f56bfc062723c751e8b465ee728b)
Start importing Assets/Scripts/SnakeController.cs using Guid(cbde5254bfeb88d44beff8fe4a2cf525) Importer(815301076,1909f56bfc062723c751e8b465ee728b)  -> (artifact id: '58c173abb34744e1e9aff37c69002e2f') in 0.015227 seconds
Number of updated asset objects reloaded before import = 0
Number of asset objects unloaded after import = 0
========================================================================
Received Import Request.
  Time since last request: 10.774581 seconds.
  path: Assets/Scripts/SnakeController.cs
  artifactKey: Guid(cbde5254bfeb88d44beff8fe4a2cf525) Importer(815301076,1909f56bfc062723c751e8b465ee728b)
Start importing Assets/Scripts/SnakeController.cs using Guid(cbde5254bfeb88d44beff8fe4a2cf525) Importer(815301076,1909f56bfc062723c751e8b465ee728b)  -> (artifact id: '22cdccdb9d2cb78f62ba8039e239cf6d') in 0.003467 seconds
Number of updated asset objects reloaded before import = 0
Number of asset objects unloaded after import = 0
========================================================================
Received Import Request.
  Time since last request: 68.119712 seconds.
  path: Assets/Scripts/SnakeController.cs
  artifactKey: Guid(cbde5254bfeb88d44beff8fe4a2cf525) Importer(815301076,1909f56bfc062723c751e8b465ee728b)
Start importing Assets/Scripts/SnakeController.cs using Guid(cbde5254bfeb88d44beff8fe4a2cf525) Importer(815301076,1909f56bfc062723c751e8b465ee728b)  -> (artifact id: 'a71e9221f3166bfb861fcf68b668c486') in 0.001050 seconds
Number of updated asset objects reloaded before import = 0
Number of asset objects unloaded after import = 0
========================================================================
Received Import Request.
  Time since last request: 40.581435 seconds.
  path: Assets/Scripts/SnakeController.cs
  artifactKey: Guid(cbde5254bfeb88d44beff8fe4a2cf525) Importer(815301076,1909f56bfc062723c751e8b465ee728b)
Start importing Assets/Scripts/SnakeController.cs using Guid(cbde5254bfeb88d44beff8fe4a2cf525) Importer(815301076,1909f56bfc062723c751e8b465ee728b)  -> (artifact id: 'f065bd955caf3d377d9d43cc590140fb') in 0.088919 seconds
Number of updated asset objects reloaded before import = 0
Number of asset objects unloaded after import = 0
========================================================================
Received Import Request.
  Time since last request: 106.652985 seconds.
  path: Assets/Scripts/SnakeController.cs
  artifactKey: Guid(cbde5254bfeb88d44beff8fe4a2cf525) Importer(815301076,1909f56bfc062723c751e8b465ee728b)
Start importing Assets/Scripts/SnakeController.cs using Guid(cbde5254bfeb88d44beff8fe4a2cf525) Importer(815301076,1909f56bfc062723c751e8b465ee728b)  -> (artifact id: 'f936d31bf8c86b98698de268acba0aea') in 0.005207 seconds
Number of updated asset objects reloaded before import = 0
Number of asset objects unloaded after import = 0
========================================================================
Received Import Request.
  Time since last request: 180.083156 seconds.
  path: Assets/Scripts/SnakeController.cs
  artifactKey: Guid(cbde5254bfeb88d44beff8fe4a2cf525) Importer(815301076,1909f56bfc062723c751e8b465ee728b)
Start importing Assets/Scripts/SnakeController.cs using Guid(cbde5254bfeb88d44beff8fe4a2cf525) Importer(815301076,1909f56bfc062723c751e8b465ee728b)  -> (artifact id: 'cfdae36948acf6f78acb2112ad7cb37c') in 0.000958 seconds
Number of updated asset objects reloaded before import = 0
Number of asset objects unloaded after import = 0
========================================================================
Received Import Request.
  Time since last request: 106.349170 seconds.
  path: Assets/Scripts/SnakeController.cs
  artifactKey: Guid(cbde5254bfeb88d44beff8fe4a2cf525) Importer(815301076,1909f56bfc062723c751e8b465ee728b)
Start importing Assets/Scripts/SnakeController.cs using Guid(cbde5254bfeb88d44beff8fe4a2cf525) Importer(815301076,1909f56bfc062723c751e8b465ee728b)  -> (artifact id: '59e3fd1884096933ae91323e91aaf023') in 0.000851 seconds
Number of updated asset objects reloaded before import = 0
Number of asset objects unloaded after import = 0
========================================================================
Received Import Request.
  Time since last request: 172.478173 seconds.
  path: Assets/Scripts/SnakeController.cs
  artifactKey: Guid(cbde5254bfeb88d44beff8fe4a2cf525) Importer(815301076,1909f56bfc062723c751e8b465ee728b)
Start importing Assets/Scripts/SnakeController.cs using Guid(cbde5254bfeb88d44beff8fe4a2cf525) Importer(815301076,1909f56bfc062723c751e8b465ee728b)  -> (artifact id: '354adf539fc844ba676b74dba02a382c') in 0.033140 seconds
Number of updated asset objects reloaded before import = 0
Number of asset objects unloaded after import = 0
========================================================================
Received Import Request.
  Time since last request: 60.930561 seconds.
  path: Assets/Scripts/SnakeController.cs
  artifactKey: Guid(cbde5254bfeb88d44beff8fe4a2cf525) Importer(815301076,1909f56bfc062723c751e8b465ee728b)
Start importing Assets/Scripts/SnakeController.cs using Guid(cbde5254bfeb88d44beff8fe4a2cf525) Importer(815301076,1909f56bfc062723c751e8b465ee728b)  -> (artifact id: '1be422ccbd0ecc1c0f24e814f75325a8') in 0.002153 seconds
Number of updated asset objects reloaded before import = 0
Number of asset objects unloaded after import = 0
========================================================================
Received Import Request.
  Time since last request: 27.634007 seconds.
  path: Assets/Scripts/SnakeController.cs
  artifactKey: Guid(cbde5254bfeb88d44beff8fe4a2cf525) Importer(815301076,1909f56bfc062723c751e8b465ee728b)
Start importing Assets/Scripts/SnakeController.cs using Guid(cbde5254bfeb88d44beff8fe4a2cf525) Importer(815301076,1909f56bfc062723c751e8b465ee728b)  -> (artifact id: 'bab4ba8f2fbe6910d6f0fc897e25d1fb') in 0.027190 seconds
Number of updated asset objects reloaded before import = 0
Number of asset objects unloaded after import = 0
========================================================================
Received Import Request.
  Time since last request: 123.665090 seconds.
  path: Assets/Scripts/SnakeController.cs
  artifactKey: Guid(cbde5254bfeb88d44beff8fe4a2cf525) Importer(815301076,1909f56bfc062723c751e8b465ee728b)
Start importing Assets/Scripts/SnakeController.cs using Guid(cbde5254bfeb88d44beff8fe4a2cf525) Importer(815301076,1909f56bfc062723c751e8b465ee728b)  -> (artifact id: '65b1b143a84ed8de28681dabb3b963c3') in 0.001273 seconds
Number of updated asset objects reloaded before import = 0
Number of asset objects unloaded after import = 0
========================================================================
Received Import Request.
  Time since last request: 32.511975 seconds.
  path: Assets/Scripts/SnakeController.cs
  artifactKey: Guid(cbde5254bfeb88d44beff8fe4a2cf525) Importer(815301076,1909f56bfc062723c751e8b465ee728b)
Start importing Assets/Scripts/SnakeController.cs using Guid(cbde5254bfeb88d44beff8fe4a2cf525) Importer(815301076,1909f56bfc062723c751e8b465ee728b)  -> (artifact id: '662ce9339fad957e340a2a12ca669b77') in 0.000649 seconds
Number of updated asset objects reloaded before import = 0
Number of asset objects unloaded after import = 0
========================================================================
Received Import Request.
  Time since last request: 101.766156 seconds.
  path: Assets/Scripts/SnakeController.cs
  artifactKey: Guid(cbde5254bfeb88d44beff8fe4a2cf525) Importer(815301076,1909f56bfc062723c751e8b465ee728b)
Start importing Assets/Scripts/SnakeController.cs using Guid(cbde5254bfeb88d44beff8fe4a2cf525) Importer(815301076,1909f56bfc062723c751e8b465ee728b)  -> (artifact id: '1edd04a980b0fb0a91d5992c2bb43401') in 0.145951 seconds
Number of updated asset objects reloaded before import = 0
Number of asset objects unloaded after import = 0
========================================================================
Received Import Request.
  Time since last request: 53.598315 seconds.
  path: Assets/Scripts/SnakeController.cs
  artifactKey: Guid(cbde5254bfeb88d44beff8fe4a2cf525) Importer(815301076,1909f56bfc062723c751e8b465ee728b)
Start importing Assets/Scripts/SnakeController.cs using Guid(cbde5254bfeb88d44beff8fe4a2cf525) Importer(815301076,1909f56bfc062723c751e8b465ee728b)  -> (artifact id: 'b4add4cc6fe13b1fabc11f30a615dadc') in 0.001379 seconds
Number of updated asset objects reloaded before import = 0
Number of asset objects unloaded after import = 0
========================================================================
Received Import Request.
  Time since last request: 2663.319743 seconds.
  path: Assets/Scripts/FoodController.cs
  artifactKey: Guid(96476b19eb71fcf4d8269dfd9e041860) Importer(815301076,1909f56bfc062723c751e8b465ee728b)
Start importing Assets/Scripts/FoodController.cs using Guid(96476b19eb71fcf4d8269dfd9e041860) Importer(815301076,1909f56bfc062723c751e8b465ee728b)  -> (artifact id: '7816406073c603bbfb86be3f32b6f383') in 0.003232 seconds
Number of updated asset objects reloaded before import = 0
Number of asset objects unloaded after import = 0
